<?xml version="1.0" encoding="UTF-8"?>
<testsuite xmlns:xsi="http://www.w3.org/2001/XMLSchema-instance" xsi:noNamespaceSchemaLocation="https://maven.apache.org/surefire/maven-surefire-plugin/xsd/surefire-test-report-3.0.xsd" version="3.0" name="ar.edu.unlp.oo1.ejercicio1.WallPostTest" time="0.133" tests="7" errors="0" skipped="0" failures="0">
  <properties>
[...]
</properties>
  <testcase name="testCreation" classname="ar.edu.unlp.oo1.ejercicio1.WallPostTest" time="0.036"/>
  <testcase name="testLike" classname="ar.edu.unlp.oo1.ejercicio1.WallPostTest" time="0.002"/>
  <testcase name="testText" classname="ar.edu.unlp.oo1.ejercicio1.WallPostTest" time="0.001"/>
  <testcase name="testToggleFeatured" classname="ar.edu.unlp.oo1.ejercicio1.WallPostTest" time="0.003"/>
  <testcase name="testFeatured" classname="ar.edu.unlp.oo1.ejercicio1.WallPostTest" time="0.001"/>
  <testcase name="testWallpost" classname="ar.edu.unlp.oo1.ejercicio1.WallPostTest" time="0.001"/>
  <testcase name="testDislike" classname="ar.edu.unlp.oo1.ejercicio1.WallPostTest" time="0.053">
    <system-err><![CDATA[jun 04, 2025 7:31:36 P. M. ar.edu.unlp.oo1.ejercicio1.impl.WallPostImpl dislike
ADVERTENCIA: La cuenta de likes del post se encuentra en 0
jun 04, 2025 7:31:36 P. M. ar.edu.unlp.oo1.ejercicio1.impl.WallPostImpl dislike
ADVERTENCIA: La cuenta de likes del post se encuentra en 0
]]></system-err>
  </testcase>
</testsuite>